<?xml version="1.0" encoding="UTF-8"?>
<testsuite name="DealTest$DealTotalValue" tests="2" skipped="0" failures="0" errors="0" timestamp="2021-01-09T13:57:43" hostname="Yavors-MacBook-Air.local" time="0.003">
  <properties/>
  <testcase name="dealTotalValueOneOrMoreEstates()" classname="DealTest$DealTotalValue" time="0.001"/>
  <testcase name="dealTotalValueNoEstates()" classname="DealTest$DealTotalValue" time="0.001"/>
  <system-out><![CDATA[]]></system-out>
  <system-err><![CDATA[]]></system-err>
</testsuite>
