<?xml version="1.0" encoding="UTF-8"?>
<testsuite name="DealTest$IsBigDeal" tests="2" skipped="0" failures="0" errors="0" timestamp="2021-01-09T13:57:43" hostname="Yavors-MacBook-Air.local" time="0.014">
  <properties/>
  <testcase name="isBigDealTrue()" classname="DealTest$IsBigDeal" time="0.009"/>
  <testcase name="isBigDealFalse()" classname="DealTest$IsBigDeal" time="0.003"/>
  <system-out><![CDATA[]]></system-out>
  <system-err><![CDATA[]]></system-err>
</testsuite>
