<?xml version="1.0" encoding="UTF-8"?>
<testsuite name="DealTest" tests="1" skipped="0" failures="0" errors="0" timestamp="2021-01-09T13:57:43" hostname="Yavors-MacBook-Air.local" time="0.029">
  <properties/>
  <testcase name="increasedPriceList()" classname="DealTest" time="0.029"/>
  <system-out><![CDATA[]]></system-out>
  <system-err><![CDATA[]]></system-err>
</testsuite>
