<?xml version="1.0" encoding="UTF-8"?>
<testsuite name="PatientTest" tests="1" skipped="0" failures="0" errors="0" timestamp="2021-01-17T22:47:29" hostname="Yavors-MacBook-Air.local" time="0.022">
  <properties/>
  <testcase name="isUrgentTrue()" classname="PatientTest" time="0.022"/>
  <system-out><![CDATA[]]></system-out>
  <system-err><![CDATA[]]></system-err>
</testsuite>
